<?xml version="1.0" encoding="UTF-8"?>
<!-- Generated by org.testng.reporters.JUnitReportReporter -->
<testsuite hostname="Babu" name="keyword.framework.RunScripts" tests="1" failures="0" timestamp="26 Sep 2015 12:55:31 GMT" time="17.864" errors="0">
  <testcase name="runScripts" time="17.864" classname="keyword.framework.RunScripts"/>
</testsuite> <!-- keyword.framework.RunScripts -->
